[debug] [2022-03-30T14:08:22.233Z] ----------------------------------------------------------------------
[debug] [2022-03-30T14:08:22.234Z] Command:       /usr/local/bin/node /usr/local/bin/firebase init
[debug] [2022-03-30T14:08:22.234Z] CLI Version:   10.5.0
[debug] [2022-03-30T14:08:22.234Z] Platform:      darwin
[debug] [2022-03-30T14:08:22.234Z] Node Version:  v14.15.4
[debug] [2022-03-30T14:08:22.235Z] Time:          Wed Mar 30 2022 21:08:22 GMT+0700 (Indochina Time)
[debug] [2022-03-30T14:08:22.236Z] ----------------------------------------------------------------------
[debug] 
[debug] [2022-03-30T14:08:22.289Z] > command requires scopes: ["email","openid","https://www.googleapis.com/auth/cloudplatformprojects.readonly","https://www.googleapis.com/auth/firebase","https://www.googleapis.com/auth/cloud-platform"]
[debug] [2022-03-30T14:08:22.290Z] > authorizing via signed-in user (nguyenduchuy27111997@gmail.com)
[info] 
     ######## #### ########  ######## ########     ###     ######  ########
     ##        ##  ##     ## ##       ##     ##  ##   ##  ##       ##
     ######    ##  ########  ######   ########  #########  ######  ######
     ##        ##  ##    ##  ##       ##     ## ##     ##       ## ##
     ##       #### ##     ## ######## ########  ##     ##  ######  ########

You're about to initialize a Firebase project in this directory:

  /Users/huy/Desktop/practice-at-home/react/netflix-clone/frontend

Before we get started, keep in mind:

  * You are initializing within an existing Firebase project directory

[info] 
=== Project Setup
[info] 
[info] First, let's associate this project directory with a Firebase project.
[info] You can create multiple project aliases by running firebase use --add, 
[info] but for now we'll just set up a default project.
[info] 
[debug] [2022-03-30T14:08:27.707Z] Using project from CLI flag: netflix-clone-26937
[debug] [2022-03-30T14:08:27.711Z] > refreshing access token with scopes: []
[debug] [2022-03-30T14:08:27.712Z] >>> HTTP REQUEST POST https://www.googleapis.com/oauth2/v3/token  
 <request body omitted>
[debug] [2022-03-30T14:08:27.973Z] <<< HTTP RESPONSE 200 {"cache-control":"no-cache, no-store, max-age=0, must-revalidate","pragma":"no-cache","expires":"Mon, 01 Jan 1990 00:00:00 GMT","date":"Wed, 30 Mar 2022 14:08:27 GMT","content-type":"application/json; charset=utf-8","vary":"X-Origin, Referer, Origin,Accept-Encoding","server":"scaffolding on HTTPServer2","x-xss-protection":"0","x-frame-options":"SAMEORIGIN","x-content-type-options":"nosniff","alt-svc":"h3=\":443\"; ma=2592000,h3-29=\":443\"; ma=2592000,h3-Q050=\":443\"; ma=2592000,h3-Q046=\":443\"; ma=2592000,h3-Q043=\":443\"; ma=2592000,quic=\":443\"; ma=2592000; v=\"46,43\"","accept-ranges":"none","transfer-encoding":"chunked"}
[debug] [2022-03-30T14:08:28.029Z] >>> [apiv2][query] GET https://firebase.googleapis.com/v1beta1/projects/netflix-clone-26937 [none]
[debug] [2022-03-30T14:08:28.559Z] <<< [apiv2][status] GET https://firebase.googleapis.com/v1beta1/projects/netflix-clone-26937 200
[debug] [2022-03-30T14:08:28.560Z] <<< [apiv2][body] GET https://firebase.googleapis.com/v1beta1/projects/netflix-clone-26937 {"projectId":"netflix-clone-26937","projectNumber":"636178375308","displayName":"netflix-clone","name":"projects/netflix-clone-26937","resources":{"hostingSite":"netflix-clone-26937","realtimeDatabaseInstance":"netflix-clone-26937-default-rtdb"},"state":"ACTIVE"}
[info] i  Using project netflix-clone-26937 (netflix-clone) 
[info] 
=== Hosting Setup
[info] 
[info] Your public directory is the folder (relative to your project directory) that
[info] will contain Hosting assets to be uploaded with firebase deploy. If you
[info] have a build process for your assets, use your build's output directory.
[info] 
[debug] [2022-03-30T14:08:41.206Z] >>> [apiv2][query] GET https://www.gstatic.com/firebasejs/releases.json [none]
[debug] [2022-03-30T14:08:41.378Z] <<< [apiv2][status] GET https://www.gstatic.com/firebasejs/releases.json 200
[debug] [2022-03-30T14:08:41.379Z] <<< [apiv2][body] GET https://www.gstatic.com/firebasejs/releases.json {"current":{"version":"9.6.10","browserURL":"https://www.gstatic.com/firebasejs/9.6.10/firebase.js","packageURL":"https://www.gstatic.com/firebasejs/9.6.10/firebase.tgz"},"live":{"version":"9.6","browserURL":"https://www.gstatic.com/firebasejs/live/9.6/firebase.js","packageURL":"https://www.gstatic.com/firebasejs/live/9.6/firebase.tgz"},"components":{"analytics":"https://www.gstatic.com/firebasejs/9.6.10/firebase-analytics.js","app":"https://www.gstatic.com/firebasejs/9.6.10/firebase-app.js","app-check":"https://www.gstatic.com/firebasejs/9.6.10/firebase-app-check.js","auth":"https://www.gstatic.com/firebasejs/9.6.10/firebase-auth.js","auth/cordova":"https://www.gstatic.com/firebasejs/9.6.10/firebase-auth/cordova.js","auth/react-native":"https://www.gstatic.com/firebasejs/9.6.10/firebase-auth/react-native.js","functions":"https://www.gstatic.com/firebasejs/9.6.10/firebase-functions.js","firestore":"https://www.gstatic.com/firebasejs/9.6.10/firebase-firestore.js","firestore/lite":"https://www.gstatic.com/firebasejs/9.6.10/firebase-firestore/lite.js","storage":"https://www.gstatic.com/firebasejs/9.6.10/firebase-storage.js","performance":"https://www.gstatic.com/firebasejs/9.6.10/firebase-performance.js","remote-config":"https://www.gstatic.com/firebasejs/9.6.10/firebase-remote-config.js","messaging":"https://www.gstatic.com/firebasejs/9.6.10/firebase-messaging.js","messaging/sw":"https://www.gstatic.com/firebasejs/9.6.10/firebase-messaging/sw.js","database":"https://www.gstatic.com/firebasejs/9.6.10/firebase-database.js","firestore.memory":"https://www.gstatic.com/firebasejs/9.6.10/firebase-firestore.memory.js"}}
[info] ✔  Wrote public/index.html 
[info] 
[info] i  Detected a .git folder at /Users/huy 
[info] i  Authorizing with GitHub to upload your service account to a GitHub repository's secrets store. 
[info] 
[info] Visit this URL on this device to log in:
[info] https://github.com/login/oauth/authorize?client_id=89cf50f02ac6aaed3484&state=835454377&redirect_uri=http%3A%2F%2Flocalhost%3A9005&scope=read%3Auser%20repo%20public_repo
[info] 
[info] Waiting for authentication...
[debug] [2022-03-30T14:09:14.275Z] >>> HTTP REQUEST POST https://github.com/login/oauth/access_token  
 {"client_id":"89cf50f02ac6aaed3484","client_secret":"3330d14abc895d9a74d5f17cd7a00711fa2c5bf0","code":"3adcf33c46e8c6b3069c","redirect_uri":"http://localhost:9005","state":"835454377"}
[debug] [2022-03-30T14:09:15.563Z] <<< HTTP RESPONSE 200 {"server":"GitHub.com","date":"Wed, 30 Mar 2022 14:09:15 GMT","content-type":"application/json; charset=utf-8","transfer-encoding":"chunked","vary":"X-PJAX, X-PJAX-Container, Accept-Encoding, Accept, X-Requested-With","permissions-policy":"interest-cohort=()","etag":"W/\"0c127acb2591411b152b269ffae876f7\"","cache-control":"max-age=0, private, must-revalidate","strict-transport-security":"max-age=31536000; includeSubdomains; preload","x-frame-options":"deny","x-content-type-options":"nosniff","x-xss-protection":"0","referrer-policy":"origin-when-cross-origin, strict-origin-when-cross-origin","expect-ct":"max-age=2592000, report-uri=\"https://api.github.com/_private/browser/errors\"","content-security-policy":"default-src 'none'; base-uri 'self'; block-all-mixed-content; child-src github.com/assets-cdn/worker/ gist.github.com/assets-cdn/worker/; connect-src 'self' uploads.github.com objects-origin.githubusercontent.com www.githubstatus.com collector.githubapp.com collector.github.com api.github.com github-cloud.s3.amazonaws.com github-production-repository-file-5c1aeb.s3.amazonaws.com github-production-upload-manifest-file-7fdce7.s3.amazonaws.com github-production-user-asset-6210df.s3.amazonaws.com cdn.optimizely.com logx.optimizely.com/v1/events translator.github.com wss://alive.github.com; font-src github.githubassets.com; form-action 'self' github.com gist.github.com objects-origin.githubusercontent.com; frame-ancestors 'none'; frame-src render.githubusercontent.com viewscreen.githubusercontent.com notebooks.githubusercontent.com; img-src 'self' data: github.githubassets.com identicons.github.com collector.githubapp.com collector.github.com github-cloud.s3.amazonaws.com secured-user-images.githubusercontent.com/ *.githubusercontent.com; manifest-src 'self'; media-src github.com user-images.githubusercontent.com/; script-src github.githubassets.com; style-src 'unsafe-inline' github.githubassets.com; worker-src github.com/assets-cdn/worker/ gist.github.com/assets-cdn/worker/","x-github-request-id":"ED08:0FDC:0D92:1E14:6244648A"}
[debug] [2022-03-30T14:09:15.589Z] >>> [apiv2][query] GET https://api.github.com/user [none]
[debug] [2022-03-30T14:09:16.263Z] <<< [apiv2][status] GET https://api.github.com/user 200
[debug] [2022-03-30T14:09:16.264Z] <<< [apiv2][body] GET https://api.github.com/user {"login":"nguyenduchuy271197","id":56339209,"node_id":"MDQ6VXNlcjU2MzM5MjA5","avatar_url":"https://avatars.githubusercontent.com/u/56339209?v=4","gravatar_id":"","url":"https://api.github.com/users/nguyenduchuy271197","html_url":"https://github.com/nguyenduchuy271197","followers_url":"https://api.github.com/users/nguyenduchuy271197/followers","following_url":"https://api.github.com/users/nguyenduchuy271197/following{/other_user}","gists_url":"https://api.github.com/users/nguyenduchuy271197/gists{/gist_id}","starred_url":"https://api.github.com/users/nguyenduchuy271197/starred{/owner}{/repo}","subscriptions_url":"https://api.github.com/users/nguyenduchuy271197/subscriptions","organizations_url":"https://api.github.com/users/nguyenduchuy271197/orgs","repos_url":"https://api.github.com/users/nguyenduchuy271197/repos","events_url":"https://api.github.com/users/nguyenduchuy271197/events{/privacy}","received_events_url":"https://api.github.com/users/nguyenduchuy271197/received_events","type":"User","site_admin":false,"name":"Huy Nguyen","company":null,"blog":"","location":null,"email":null,"hireable":null,"bio":null,"twitter_username":null,"public_repos":31,"public_gists":0,"followers":0,"following":0,"created_at":"2019-10-09T07:34:01Z","updated_at":"2022-01-10T04:35:23Z","private_gists":0,"total_private_repos":1,"owned_private_repos":1,"disk_usage":74244,"collaborators":0,"two_factor_authentication":false,"plan":{"name":"free","space":976562499,"collaborators":0,"private_repos":10000}}
[info] 
[info] ✔  Success! Logged into GitHub as nguyenduchuy271197 
[info] 
[debug] [2022-03-30T14:09:28.852Z] >>> [apiv2][query] GET https://api.github.com/repos//actions/secrets/public-key type=owner
[debug] [2022-03-30T14:09:29.322Z] <<< [apiv2][status] GET https://api.github.com/repos//actions/secrets/public-key 404
[debug] [2022-03-30T14:09:29.323Z] <<< [apiv2][body] GET https://api.github.com/repos//actions/secrets/public-key {"message":"Not Found","documentation_url":"https://docs.github.com/rest"}
[debug] [2022-03-30T14:09:30.960Z] >>> [apiv2][query] GET https://api.github.com/repos//actions/secrets/public-key type=owner
[debug] [2022-03-30T14:09:31.929Z] <<< [apiv2][status] GET https://api.github.com/repos//actions/secrets/public-key 404
[debug] [2022-03-30T14:09:31.929Z] <<< [apiv2][body] GET https://api.github.com/repos//actions/secrets/public-key {"message":"Not Found","documentation_url":"https://docs.github.com/rest"}
